[07:00:00 17/6/2025] ⏳ Bắt đầu chạy đồng bộ dữ liệu...
[07:00:00 17/6/2025] ▶️ [syncAll] Bắt đầu đồng bộ dữ liệu
[07:00:00 17/6/2025] ⏳ Sync PAKH...
[07:00:01 17/6/2025] ✅ PAKH thành công
[07:00:01 17/6/2025] ⏳ Sync MLL...
[07:00:02 17/6/2025] ✅ MLL thành công
[07:00:02 17/6/2025] ⏳ Sync MD...
[07:00:03 17/6/2025] ✅ MD thành công
[07:00:03 17/6/2025] ⏳ Sync MFD...
[07:00:03 17/6/2025] ✅ MFD thành công
[07:00:03 17/6/2025] 🎉 [syncAll] Tất cả API đã gọi thành công
[07:00:03 17/6/2025] ✅ Đồng bộ thành công: "✅ All APIs called successfully (sequential)"
[07:00:00 18/6/2025] ⏳ Bắt đầu chạy đồng bộ dữ liệu...
[07:00:00 18/6/2025] ▶️ [syncAll] Bắt đầu đồng bộ dữ liệu
[07:00:00 18/6/2025] ⏳ Sync PAKH...
[07:00:01 18/6/2025] ✅ PAKH thành công
[07:00:01 18/6/2025] ⏳ Sync MLL...
[07:00:01 18/6/2025] ✅ MLL thành công
[07:00:01 18/6/2025] ⏳ Sync MD...
[07:00:02 18/6/2025] ✅ MD thành công
[07:00:02 18/6/2025] ⏳ Sync MFD...
[07:00:02 18/6/2025] ✅ MFD thành công
[07:00:02 18/6/2025] 🎉 [syncAll] Tất cả API đã gọi thành công
[07:00:02 18/6/2025] ✅ Đồng bộ thành công: "✅ All APIs called successfully (sequential)"

[08:00:08 19/6/2025] ▶️ [syncAll] Bắt đầu đồng bộ dữ liệu
[08:00:08 19/6/2025] ⏳ Sync PAKH...
[08:00:08 19/6/2025] ✅ PAKH thành công
[08:00:08 19/6/2025] ⏳ Sync MLL...
[08:00:09 19/6/2025] ✅ MLL thành công
[08:00:09 19/6/2025] ⏳ Sync MD...
[08:00:10 19/6/2025] ✅ MD thành công
[08:00:10 19/6/2025] ⏳ Sync MFD...
[08:00:10 19/6/2025] ✅ MFD thành công
[08:00:10 19/6/2025] 🎉 [syncAll] Tất cả API đã gọi thành công

[08:03:00 20/6/2025] ⏳ Bắt đầu chạy đồng bộ dữ liệu...
[08:03:00 20/6/2025] ⏳ Sync PAKH...
[08:03:00 20/6/2025] ▶️ [syncAll] Bắt đầu đồng bộ dữ liệu
[08:03:00 20/6/2025] ⏳ Sync MLL...
[08:03:00 20/6/2025] ✅ PAKH thành công
[08:03:02 20/6/2025] ✅ MLL thành công
[08:03:02 20/6/2025] ⏳ Sync MD...
[08:03:03 20/6/2025] ✅ MD thành công
[08:03:03 20/6/2025] ⏳ Sync MFD...
[08:03:04 20/6/2025] ✅ MFD thành công
[08:03:04 20/6/2025] 🎉 [syncAll] Tất cả API đã gọi thành công
[08:03:04 20/6/2025] ✅ Đồng bộ thành công: "✅ All APIs called successfully (sequential)"

[07:00:00 21/6/2025] ⏳ [7h Cron] Bắt đầu chạy đồng bộ dữ liệu...
[07:00:00 21/6/2025] ▶️ [syncAll] Bắt đầu đồng bộ dữ liệu
[07:00:00 21/6/2025] ⏳ Sync PAKH...
[07:00:01 21/6/2025] ✅ PAKH thành công
[07:00:01 21/6/2025] ⏳ Sync MLL...
[07:00:01 21/6/2025] ⏳ Sync MD...
[07:00:01 21/6/2025] ✅ MLL thành công
[07:00:03 21/6/2025] ⏳ Sync MFD...
[07:00:03 21/6/2025] ✅ MD thành công
[07:00:03 21/6/2025] ✅ Đồng bộ thành công: "✅ All APIs called successfully (sequential)"

[07:00:03 21/6/2025] 🎉 [syncAll] Tất cả API đã gọi thành công
[07:00:03 21/6/2025] ✅ MFD thành công
[08:19:42 23/6/2025] ▶️ [syncAll] Bắt đầu đồng bộ dữ liệu
[08:19:42 23/6/2025] ⏳ Sync PAKH...
[08:19:43 23/6/2025] ✅ PAKH thành công
[08:19:43 23/6/2025] ⏳ Sync MLL...
[08:19:44 23/6/2025] ✅ MLL thành công
[08:19:44 23/6/2025] ⏳ Sync MD...
[08:19:45 23/6/2025] ✅ MD thành công
[08:19:45 23/6/2025] ⏳ Sync MFD...
[08:19:46 23/6/2025] ✅ MFD thành công
[08:19:46 23/6/2025] 🎉 [syncAll] Tất cả API đã gọi thành công
[08:20:19 23/6/2025] ▶️ [syncAll] Bắt đầu đồng bộ dữ liệu
[08:20:19 23/6/2025] ⏳ Sync PAKH...
[08:20:21 23/6/2025] ⏳ Sync MLL...
[08:20:21 23/6/2025] ✅ PAKH thành công
[08:20:21 23/6/2025] ✅ MLL thành công
[08:20:21 23/6/2025] ⏳ Sync MD...
[08:20:23 23/6/2025] ✅ MD thành công
[08:20:23 23/6/2025] ⏳ Sync MFD...
[08:20:25 23/6/2025] ✅ MFD thành công
[08:20:25 23/6/2025] 🎉 [syncAll] Tất cả API đã gọi thành công
[08:00:00 24/6/2025] ⏳ [7h Cron] Bắt đầu chạy đồng bộ dữ liệu...
[08:00:00 24/6/2025] ▶️ [syncAll] Bắt đầu đồng bộ dữ liệu
[08:00:00 24/6/2025] ⏳ Sync PAKH...
[08:00:00 24/6/2025] ✅ PAKH thành công
[08:00:00 24/6/2025] ⏳ Sync MLL...
[08:00:01 24/6/2025] ✅ MLL thành công
[08:00:01 24/6/2025] ⏳ Sync MD...
[08:00:02 24/6/2025] ✅ MD thành công
[08:00:02 24/6/2025] ⏳ Sync MFD...
[08:00:02 24/6/2025] ✅ MFD thành công
[08:00:02 24/6/2025] 🎉 [syncAll] Tất cả API đã gọi thành công
[08:00:02 24/6/2025] ✅ Đồng bộ thành công: "✅ All APIs called successfully (sequential)"
[08:00:02 24/6/2025] ⏱️ Job 7h chạy trong 2.73s
[08:00:02 24/6/2025] 🔍 CPU Load (1m, 5m, 15m): 0.00, 0.00, 0.00 | Free Mem: 580.4 MB

[08:02:00 25/6/2025] ⏳ [7h Cron] Bắt đầu chạy đồng bộ dữ liệu...
[08:02:00 25/6/2025] ▶️ [syncAll] Bắt đầu đồng bộ dữ liệu
[08:02:00 25/6/2025] ⏳ Sync PAKH...
[08:02:00 25/6/2025] ✅ PAKH thành công
[08:02:00 25/6/2025] ⏳ Sync MLL...
[08:02:00 25/6/2025] ✅ MLL thành công
[08:02:00 25/6/2025] ⏳ Sync MD...
[08:02:01 25/6/2025] ✅ MD thành công
[08:02:01 25/6/2025] ⏳ Sync MFD...
[08:02:02 25/6/2025] ✅ MFD thành công
[08:02:02 25/6/2025] 🎉 [syncAll] Tất cả API đã gọi thành công
[08:02:02 25/6/2025] ⏱️ Job 7h chạy trong 2.29s
[08:02:02 25/6/2025] ✅ Đồng bộ thành công: "✅ All APIs called successfully (sequential)"
[08:02:02 25/6/2025] 🔍 CPU Load (1m, 5m, 15m): 0.00, 0.00, 0.00 | Free Mem: 709.4 MB

[07:00:00 26/6/2025] ⏳ [7h Cron] Bắt đầu chạy đồng bộ dữ liệu...
[07:00:00 26/6/2025] ▶️ [syncAll] Bắt đầu đồng bộ dữ liệu
[07:00:00 26/6/2025] ⏳ Sync PAKH...
[07:00:01 26/6/2025] ✅ PAKH thành công
[07:00:01 26/6/2025] ⏳ Sync MLL...
[07:00:01 26/6/2025] ✅ MLL thành công
[07:00:01 26/6/2025] ⏳ Sync MD...
[07:00:03 26/6/2025] ✅ MD thành công
[07:00:03 26/6/2025] ⏳ Sync MFD...
[07:00:03 26/6/2025] 🎉 [syncAll] Tất cả API đã gọi thành công
[07:00:03 26/6/2025] ✅ Đồng bộ thành công: "✅ All APIs called successfully (sequential)"
[07:00:03 26/6/2025] ✅ MFD thành công
[07:00:03 26/6/2025] ⏱️ Job 7h chạy trong 2.54s
[07:00:03 26/6/2025] 🔍 CPU Load (1m, 5m, 15m): 0.00, 0.00, 0.00 | Free Mem: 1079.7 MB

[07:00:01 27/6/2025] ⏳ [7h Cron] Bắt đầu chạy đồng bộ dữ liệu...
[07:00:01 27/6/2025] ▶️ [syncAll] Bắt đầu đồng bộ dữ liệu
[07:00:01 27/6/2025] ⏳ Sync PAKH...
[07:00:02 27/6/2025] ✅ PAKH thành công
[07:00:02 27/6/2025] ⏳ Sync MLL...
[07:00:02 27/6/2025] ⏳ Sync MD...
[07:00:02 27/6/2025] ✅ MLL thành công
[07:00:03 27/6/2025] ✅ MD thành công
[07:00:03 27/6/2025] ⏳ Sync MFD...
[07:00:04 27/6/2025] ✅ MFD thành công
[07:00:04 27/6/2025] 🎉 [syncAll] Tất cả API đã gọi thành công
[07:00:04 27/6/2025] ✅ Đồng bộ thành công: "✅ All APIs called successfully (sequential)"
[07:00:04 27/6/2025] ⏱️ Job 7h chạy trong 3.18s
[07:00:04 27/6/2025] 🔍 CPU Load (1m, 5m, 15m): 0.00, 0.00, 0.00 | Free Mem: 843.6 MB

[08:05:27 30/6/2025] ▶️ [syncAll] Bắt đầu đồng bộ dữ liệu
[08:05:27 30/6/2025] ⏳ Sync PAKH...
[08:05:29 30/6/2025] ✅ PAKH thành công
[08:05:29 30/6/2025] ⏳ Sync MLL...
[08:05:29 30/6/2025] ✅ MLL thành công
[08:05:29 30/6/2025] ⏳ Sync MD...
[08:05:31 30/6/2025] ✅ MD thành công
[08:05:31 30/6/2025] ⏳ Sync MFD...
[08:05:31 30/6/2025] ✅ MFD thành công
[08:05:31 30/6/2025] 🎉 [syncAll] Tất cả API đã gọi thành công
[08:05:57 30/6/2025] ▶️ [syncAll] Bắt đầu đồng bộ dữ liệu
[08:05:57 30/6/2025] ⏳ Sync PAKH...
[08:05:58 30/6/2025] ✅ PAKH thành công
[08:05:58 30/6/2025] ⏳ Sync MLL...
[08:05:59 30/6/2025] ✅ MLL thành công
[08:05:59 30/6/2025] ⏳ Sync MD...
[08:06:00 30/6/2025] ✅ MD thành công
[08:06:00 30/6/2025] ⏳ Sync MFD...
[08:06:00 30/6/2025] ✅ MFD thành công
[08:06:00 30/6/2025] 🎉 [syncAll] Tất cả API đã gọi thành công
[08:06:24 30/6/2025] ▶️ [syncAll] Bắt đầu đồng bộ dữ liệu
[08:06:24 30/6/2025] ⏳ Sync PAKH...
[08:06:24 30/6/2025] ✅ PAKH thành công
[08:06:24 30/6/2025] ⏳ Sync MLL...
[08:06:27 30/6/2025] ✅ MLL thành công
[08:06:27 30/6/2025] ⏳ Sync MD...
[08:06:28 30/6/2025] ✅ MD thành công
[08:06:28 30/6/2025] ⏳ Sync MFD...
[08:06:28 30/6/2025] ✅ MFD thành công
[08:06:28 30/6/2025] 🎉 [syncAll] Tất cả API đã gọi thành công
[07:00:00 1/7/2025] ⏳ [7h Cron] Bắt đầu chạy đồng bộ dữ liệu...
[07:00:00 1/7/2025] ▶️ [syncAll] Bắt đầu đồng bộ dữ liệu
[07:00:00 1/7/2025] ⏳ Sync PAKH...
[07:00:01 1/7/2025] ✅ PAKH thành công
[07:00:01 1/7/2025] ⏳ Sync MLL...
[07:00:02 1/7/2025] ⏳ Sync MD...
[07:00:02 1/7/2025] ✅ MLL thành công
[07:00:02 1/7/2025] ✅ MD thành công
[07:00:02 1/7/2025] ⏳ Sync MFD...
[07:00:03 1/7/2025] 🎉 [syncAll] Tất cả API đã gọi thành công
[07:00:03 1/7/2025] ✅ MFD thành công
[07:00:03 1/7/2025] ⏱️ Job 7h chạy trong 2.25s
[07:00:03 1/7/2025] ✅ Đồng bộ thành công: "✅ All APIs called successfully (sequential)"
[07:00:03 1/7/2025] 🔍 CPU Load (1m, 5m, 15m): 0.00, 0.00, 0.00 | Free Mem: 813.3 MB

[08:01:22 2/7/2025] ▶️ [syncAll] Bắt đầu đồng bộ dữ liệu
[08:01:22 2/7/2025] ⏳ Sync PAKH...
[08:01:22 2/7/2025] ✅ PAKH thành công
[08:01:22 2/7/2025] ⏳ Sync MLL...
[08:01:23 2/7/2025] ✅ MLL thành công
[08:01:23 2/7/2025] ⏳ Sync MD...
[08:01:23 2/7/2025] ✅ MD thành công
[08:01:23 2/7/2025] ⏳ Sync MFD...
[08:01:23 2/7/2025] ✅ MFD thành công
[08:01:23 2/7/2025] 🎉 [syncAll] Tất cả API đã gọi thành công
[07:00:00 3/7/2025] ⏳ [7h Cron] Bắt đầu chạy đồng bộ dữ liệu...
[07:00:00 3/7/2025] ▶️ [syncAll] Bắt đầu đồng bộ dữ liệu
[07:00:00 3/7/2025] ⏳ Sync PAKH...
[07:00:02 3/7/2025] ✅ PAKH thành công
[07:00:02 3/7/2025] ⏳ Sync MLL...
[07:00:03 3/7/2025] ✅ MLL thành công
[07:00:03 3/7/2025] ⏳ Sync MD...
[07:00:04 3/7/2025] ✅ MD thành công
[07:00:04 3/7/2025] ⏳ Sync MFD...
[07:00:04 3/7/2025] ✅ MFD thành công
[07:00:04 3/7/2025] 🎉 [syncAll] Tất cả API đã gọi thành công
[07:00:04 3/7/2025] ⏱️ Job 7h chạy trong 3.92s
[07:00:04 3/7/2025] ✅ Đồng bộ thành công: "✅ All APIs called successfully (sequential)"
[07:00:04 3/7/2025] 🔍 CPU Load (1m, 5m, 15m): 0.00, 0.00, 0.00 | Free Mem: 4573.5 MB

[07:00:00 4/7/2025] ⏳ [7h Cron] Bắt đầu chạy đồng bộ dữ liệu...
[07:00:00 4/7/2025] ▶️ [syncAll] Bắt đầu đồng bộ dữ liệu
[07:00:00 4/7/2025] ⏳ Sync PAKH...
[07:00:01 4/7/2025] ✅ PAKH thành công
[07:00:01 4/7/2025] ⏳ Sync MLL...
[07:00:01 4/7/2025] ✅ MLL thành công
[07:00:01 4/7/2025] ⏳ Sync MD...
[07:00:02 4/7/2025] ✅ MD thành công
[07:00:02 4/7/2025] ⏳ Sync MFD...
[07:00:02 4/7/2025] ✅ MFD thành công
[07:00:02 4/7/2025] 🎉 [syncAll] Tất cả API đã gọi thành công
[07:00:02 4/7/2025] ✅ Đồng bộ thành công: "✅ All APIs called successfully (sequential)"
[07:00:02 4/7/2025] ⏱️ Job 7h chạy trong 2.33s
[07:00:02 4/7/2025] 🔍 CPU Load (1m, 5m, 15m): 0.00, 0.00, 0.00 | Free Mem: 4350.7 MB

[07:00:00 5/7/2025] ⏳ [7h Cron] Bắt đầu chạy đồng bộ dữ liệu...
[07:00:00 5/7/2025] ▶️ [syncAll] Bắt đầu đồng bộ dữ liệu
[07:00:00 5/7/2025] ⏳ Sync PAKH...
[07:00:01 5/7/2025] ✅ PAKH thành công
[07:00:01 5/7/2025] ⏳ Sync MLL...
[07:00:02 5/7/2025] ✅ MLL thành công
[07:00:02 5/7/2025] ⏳ Sync MD...
[07:00:03 5/7/2025] ✅ MD thành công
[07:00:03 5/7/2025] ⏳ Sync MFD...
[07:00:03 5/7/2025] ✅ MFD thành công
[07:00:03 5/7/2025] 🎉 [syncAll] Tất cả API đã gọi thành công
[07:00:03 5/7/2025] ⏱️ Job 7h chạy trong 2.79s
[07:00:03 5/7/2025] 🔍 CPU Load (1m, 5m, 15m): 0.00, 0.00, 0.00 | Free Mem: 4997.6 MB

[07:00:03 5/7/2025] ✅ Đồng bộ thành công: "✅ All APIs called successfully (sequential)"
[08:01:56 7/7/2025] ▶️ [syncAll] Bắt đầu đồng bộ dữ liệu
[08:01:56 7/7/2025] ⏳ Sync PAKH...
[08:01:56 7/7/2025] ✅ PAKH thành công
[08:01:56 7/7/2025] ⏳ Sync MLL...
[08:01:57 7/7/2025] ✅ MLL thành công
[08:01:57 7/7/2025] ⏳ Sync MD...
[08:01:57 7/7/2025] ✅ MD thành công
[08:01:57 7/7/2025] ⏳ Sync MFD...
[08:01:58 7/7/2025] ✅ MFD thành công
[08:01:58 7/7/2025] 🎉 [syncAll] Tất cả API đã gọi thành công

[08:02:44 7/7/2025] ▶️ [syncAll] Bắt đầu đồng bộ dữ liệu
[08:02:44 7/7/2025] ⏳ Sync PAKH...
[08:02:44 7/7/2025] ✅ PAKH thành công
[08:02:44 7/7/2025] ⏳ Sync MLL...
[08:02:45 7/7/2025] ✅ MLL thành công
[08:02:45 7/7/2025] ⏳ Sync MD...
[08:02:46 7/7/2025] ✅ MD thành công
[08:02:46 7/7/2025] ⏳ Sync MFD...
[08:02:46 7/7/2025] ✅ MFD thành công
[08:02:46 7/7/2025] 🎉 [syncAll] Tất cả API đã gọi thành công
[07:00:00 8/7/2025] ⏳ [7h Cron] Bắt đầu chạy đồng bộ dữ liệu...
[07:00:00 8/7/2025] ▶️ [syncAll] Bắt đầu đồng bộ dữ liệu
[07:00:00 8/7/2025] ⏳ Sync PAKH...
[07:00:01 8/7/2025] ✅ PAKH thành công
[07:00:01 8/7/2025] ⏳ Sync MLL...
[07:00:01 8/7/2025] ✅ MLL thành công
[07:00:01 8/7/2025] ⏳ Sync MD...
[07:00:02 8/7/2025] ✅ MD thành công
[07:00:02 8/7/2025] ⏳ Sync MFD...
[07:00:02 8/7/2025] ✅ MFD thành công
[07:00:02 8/7/2025] 🎉 [syncAll] Tất cả API đã gọi thành công
[07:00:02 8/7/2025] ✅ Đồng bộ thành công: "✅ All APIs called successfully (sequential)"
[07:00:02 8/7/2025] ⏱️ Job 7h chạy trong 1.81s
[07:00:02 8/7/2025] 🔍 CPU Load (1m, 5m, 15m): 0.00, 0.00, 0.00 | Free Mem: 3993.4 MB

[07:00:00 9/7/2025] ⏳ [7h Cron] Bắt đầu chạy đồng bộ dữ liệu...
[07:00:00 9/7/2025] ▶️ [syncAll] Bắt đầu đồng bộ dữ liệu
[07:00:00 9/7/2025] ⏳ Sync PAKH...
[07:00:02 9/7/2025] ✅ PAKH thành công
[07:00:02 9/7/2025] ⏳ Sync MLL...
[07:00:02 9/7/2025] ⏳ Sync MD...
[07:00:02 9/7/2025] ✅ MLL thành công
[07:00:05 9/7/2025] ✅ MD thành công
[07:00:05 9/7/2025] ⏳ Sync MFD...
[07:00:05 9/7/2025] ✅ MFD thành công
[07:00:05 9/7/2025] 🎉 [syncAll] Tất cả API đã gọi thành công
[07:00:05 9/7/2025] ⏱️ Job 7h chạy trong 5.46s
[07:00:05 9/7/2025] 🔍 CPU Load (1m, 5m, 15m): 0.00, 0.00, 0.00 | Free Mem: 3651.2 MB

[07:00:05 9/7/2025] ✅ Đồng bộ thành công: "✅ All APIs called successfully (sequential)"
